
2023-12-08 23:15:06,987 - app.utils.logger - INFO - [UserService]: Getting user: 2abc3d35-ace7
2023-12-08 23:15:07,007 - app.utils.logger - ERROR - [UserService]: User not found: 2abc3d35-ace7
2023-12-08 23:15:48,840 - app.utils.logger - INFO - [UserService]: Getting user: 937e22fe-c81e-444a-b02c-c2184b856d52
2023-12-08 23:18:03,562 - app.utils.logger - INFO - [UserService]: Creating a new user: Leonardo
2023-12-08 23:21:15,099 - app.utils.logger - INFO - [UserService]: Creating a new user: Leonardo
2023-12-08 23:21:50,077 - app.utils.logger - INFO - [UserService]: Creating a new user: Leonardo
2023-12-08 23:23:03,226 - app.utils.logger - INFO - [UserService]: Creating a new user: Leonardo
2023-12-08 23:23:06,688 - app.utils.logger - INFO - [UserService]: Creating a new user: Leonardo
2023-12-08 23:24:13,515 - app.utils.logger - INFO - [UserService]: Creating a new user: Leonardo
2023-12-08 23:24:46,268 - app.utils.logger - INFO - [UserService]: Creating a new user: Leonardo
2023-12-08 23:24:57,021 - app.utils.logger - INFO - [UserService]: Creating a new user: Leonardo
2023-12-08 23:27:13,703 - app.utils.logger - INFO - [UserService]: Creating a new user: Leonardo
2023-12-08 23:28:58,803 - app.utils.logger - INFO - [UserService]: Creating a new user: Leonardo
2023-12-08 23:29:06,193 - app.utils.logger - INFO - [UserService]: Creating a new user: Leonardo
2023-12-09 11:47:21,665 - app.utils.logger - INFO - [UserService]: Creating a new user: Leonardo
2023-12-09 11:47:45,671 - app.utils.logger - INFO - [UserService]: Creating a new user: Leonardo
2023-12-09 11:47:51,817 - app.utils.logger - ERROR - [UserService]: User already exists: leoac1923@gmail.com
2023-12-09 11:48:41,735 - app.utils.logger - INFO - [UserService]: Creating a new user: Leonardo
2023-12-09 11:48:44,023 - app.utils.logger - ERROR - [UserService]: User already exists: leoac1923@gmail.com
2023-12-09 11:51:46,914 - app.utils.logger - INFO - [UserService]: Creating a new user: Leonardo
2023-12-09 11:51:49,579 - app.utils.logger - ERROR - [UserService]: User already exists: leoac1923@gmail.com
2023-12-09 11:52:15,148 - app.utils.logger - INFO - [UserService]: Creating a new user: Leonardo
2023-12-09 11:52:15,177 - app.utils.logger - ERROR - [UserService]: User already exists: leoac1923@gmail.com
2023-12-09 11:54:21,286 - app.utils.logger - INFO - [UserService]: Creating a new user: Leonardo
2023-12-09 11:54:21,315 - app.utils.logger - ERROR - [UserService]: User already exists: leoac1923@gmail.com
2023-12-09 12:01:09,440 - app.utils.logger - INFO - [UserService]: Creating a new user: Leonardo
2023-12-09 12:01:09,474 - app.utils.logger - ERROR - [UserService]: User already exists: leoac1923@gmail.com
2023-12-09 12:14:59,931 - app.utils.logger - INFO - [UserService]: Creating a new user: Leonardo
2023-12-09 12:14:59,965 - app.utils.logger - ERROR - [UserService]: User already exists: leoac1923@gmail.com
2023-12-09 12:15:35,880 - app.utils.logger - INFO - [UserService]: Creating a new user: Leonardo
2023-12-09 12:15:35,911 - app.utils.logger - ERROR - [UserService]: User already exists: leoac1923@gmail.com
2023-12-09 12:17:18,375 - app.utils.logger - INFO - [UserService]: Creating a new user: Leonardo
2023-12-09 12:17:18,406 - app.utils.logger - ERROR - [UserService]: User already exists: leoac1923@gmail.com
2023-12-09 12:17:24,292 - app.utils.logger - INFO - [UserService]: Getting user: 937e22fe-c81e-444a-b02c-c2184b856d52
2023-12-09 12:17:24,294 - app.utils.logger - ERROR - [UserService]: User not found: 937e22fe-c81e-444a-b02c-c2184b856d52
2023-12-09 12:17:54,033 - app.utils.logger - INFO - [CategoryService]: Getting all categories
2023-12-09 18:01:53,475 - app.utils.logger - INFO - [UserService]: Getting user: 937e22fe-c81e-444a-b02c-c2184b856d52
2023-12-09 18:01:53,505 - app.utils.logger - ERROR - [UserService]: User not found: 937e22fe-c81e-444a-b02c-c2184b856d52
2023-12-09 18:02:15,889 - app.utils.logger - INFO - [UserService]: Getting user: 937e22fe-c81e-444a-b02c-c2184b856d5
2023-12-09 18:02:15,891 - app.utils.logger - ERROR - [UserService]: User not found: 937e22fe-c81e-444a-b02c-c2184b856d5
2023-12-09 18:02:21,217 - app.utils.logger - INFO - [CategoryService]: Getting all categories
2023-12-09 18:57:16,935 - app.utils.logger - INFO - [AuthService]: Authenticating user: leoac1922@gmail.com
2023-12-09 18:57:54,707 - app.utils.logger - ERROR - [AuthService]: Incorrect username or password: leoac1922@gmail.com
2023-12-09 18:57:59,824 - app.utils.logger - INFO - [AuthService]: Authenticating user: leoac1922@gmail.com
2023-12-09 18:57:59,828 - app.utils.logger - ERROR - [AuthService]: Incorrect username or password: leoac1922@gmail.com
2023-12-09 18:58:14,783 - app.utils.logger - INFO - [UserService]: Creating a new user: Leonardo
2023-12-09 18:59:01,338 - app.utils.logger - INFO - [AuthService]: Authenticating user: leoac1922@gmail.com
2023-12-09 18:59:17,139 - app.utils.logger - INFO - [AuthService]: Authenticating user: leoac1922@gmail.com
2023-12-09 18:59:45,354 - app.utils.logger - INFO - [AuthService]: Authenticating user: leoac1922@gmail.com
2023-12-09 19:00:12,031 - app.utils.logger - INFO - [AuthService]: Authenticating user: leoac1922@gmail.com
2023-12-09 19:01:43,207 - app.utils.logger - INFO - [AuthService]: Authenticating user: leoac1922@gmail.com
2023-12-09 19:02:15,172 - app.utils.logger - INFO - [AuthService]: Authenticating user: leoac1922@gmail.com
2023-12-09 19:02:48,745 - app.utils.logger - INFO - [AuthService]: Authenticating user: leoac1922@gmail.com
2023-12-09 19:03:51,595 - app.utils.logger - INFO - [AuthService]: Authenticating user: leoac1922@gmail.com
2023-12-09 19:03:59,785 - app.utils.logger - INFO - [AuthService]: Authenticating user: leoac1922@gmail.com
2023-12-09 19:04:41,624 - app.utils.logger - INFO - [AuthService]: Authenticating user: leoac1922@gmail.com
2023-12-09 19:05:19,781 - app.utils.logger - INFO - [AuthService]: Authenticating user: leoac1922@gmail.com
2023-12-09 19:05:53,668 - app.utils.logger - INFO - [AuthService]: Authenticating user: leoac1922@gmail.com
2023-12-09 19:06:13,543 - app.utils.logger - INFO - [AuthService]: Authenticating user: leoac1922@gmail.com
2023-12-09 19:06:21,370 - app.utils.logger - INFO - [AuthService]: Authenticating user: leoac1922@gmail.com
2023-12-09 19:06:22,308 - app.utils.logger - INFO - [AuthService]: Authenticating user: leoac1922@gmail.com
2023-12-09 19:07:11,368 - app.utils.logger - INFO - [AuthService]: Authenticating user: leoac1922@gmail.com
2023-12-09 19:07:21,548 - app.utils.logger - INFO - [AuthService]: Authenticating user: leoac1922@gmail.com
2023-12-09 19:08:28,121 - app.utils.logger - INFO - [UserService]: Creating a new user: Leonardo Gomes
2023-12-09 19:08:30,466 - app.utils.logger - ERROR - [UserService]: User already exists: leoac1922@gmail.com
2023-12-09 19:08:37,679 - app.utils.logger - INFO - [UserService]: Creating a new user: Leonardo Gomes
2023-12-09 19:09:43,415 - app.utils.logger - INFO - [AuthService]: Authenticating user: leoac1922@gmail.com
2023-12-09 19:09:59,706 - app.utils.logger - ERROR - [AuthService]: Incorrect username or password: leoac1922@gmail.com
2023-12-09 19:10:15,150 - app.utils.logger - INFO - [AuthService]: Authenticating user: leoac1922@gmail.com
2023-12-09 19:10:23,686 - app.utils.logger - ERROR - [AuthService]: Incorrect username or password: leoac1922@gmail.com
2023-12-09 19:10:30,028 - app.utils.logger - INFO - [AuthService]: Authenticating user: leoac1922@gmail.com
2023-12-09 19:10:48,787 - app.utils.logger - ERROR - [AuthService]: Incorrect username or password: leoac1922@gmail.com
2023-12-09 19:12:29,578 - app.utils.logger - INFO - [AuthService]: Authenticating user: leoac1923@gmail.com
2023-12-09 19:12:52,584 - app.utils.logger - ERROR - [AuthService]: Incorrect username or password: leoac1923@gmail.com
2023-12-09 19:13:13,931 - app.utils.logger - INFO - [AuthService]: Authenticating user: leoac1923@gmail.com
2023-12-09 19:13:30,542 - app.utils.logger - ERROR - [AuthService]: Incorrect username or password: leoac1923@gmail.com
2023-12-09 19:13:41,781 - app.utils.logger - INFO - [AuthService]: Authenticating user: leoac1923@gmail.com
2023-12-09 19:14:21,033 - app.utils.logger - INFO - [AuthService]: Authenticating user: leoac1923@gmail.com
2023-12-09 19:15:23,334 - app.utils.logger - INFO - [AuthService]: Authenticating user: leoac1923@gmail.com
2023-12-09 19:16:10,182 - app.utils.logger - INFO - [AuthService]: Authenticating user: leoac1923@gmail.com
2023-12-09 19:16:21,073 - app.utils.logger - ERROR - [AuthService]: Incorrect username or password: leoac1923@gmail.com
2023-12-09 19:18:13,126 - app.utils.logger - INFO - [AuthService]: Authenticating user: leoac1923@gmail.com
2023-12-09 19:18:25,689 - app.utils.logger - ERROR - [AuthService]: Incorrect username or password: leoac1923@gmail.com
2023-12-09 19:19:54,061 - app.utils.logger - INFO - [AuthService]: Authenticating user: leoac1923@gmail.com
2023-12-09 19:19:56,971 - app.utils.logger - ERROR - [AuthService]: Incorrect username or password: leoac1923@gmail.com
2023-12-09 19:22:52,315 - app.utils.logger - INFO - [AuthService]: Authenticating user: leoac1923@gmail.com
2023-12-09 19:23:40,387 - app.utils.logger - ERROR - [AuthService]: Incorrect username or password: leoac1923@gmail.com
2023-12-09 19:24:08,064 - app.utils.logger - INFO - [AuthService]: Authenticating user: leoac1923@gmail.com
2023-12-09 19:24:13,177 - app.utils.logger - ERROR - [AuthService]: Incorrect username or password: leoac1923@gmail.com
2023-12-09 19:26:12,499 - app.utils.logger - INFO - [AuthService]: Authenticating user: leoac1923@gmail.com
2023-12-09 19:26:29,262 - app.utils.logger - ERROR - [AuthService]: Incorrect username or password: leoac1923@gmail.com
2023-12-09 19:26:30,734 - app.utils.logger - INFO - [AuthService]: Authenticating user: leoac1923@gmail.com
2023-12-09 19:26:36,561 - app.utils.logger - ERROR - [AuthService]: Incorrect username or password: leoac1923@gmail.com
2023-12-09 19:30:25,263 - app.utils.logger - INFO - [AuthService]: Authenticating user: leoac1923@gmail.com
2023-12-09 19:30:55,349 - app.utils.logger - INFO - [AuthService]: Authenticating user: leoac1923@gmail.com
2023-12-09 19:31:40,228 - app.utils.logger - INFO - [AuthService]: Authenticating user: leoac1923@gmail.com
2023-12-09 19:32:12,468 - app.utils.logger - INFO - [AuthService]: Authenticating user: leoac1923@gmail.com
2023-12-09 19:37:42,835 - app.utils.logger - INFO - [AuthService]: Authenticating user: leoac1923@gmail.com
2023-12-09 19:42:17,044 - app.utils.logger - INFO - [AuthService]: Authenticating user: leoac1923@gmail.com
2023-12-09 19:43:07,123 - app.utils.logger - INFO - [AuthService]: Authenticating user: leoac1923@gmail.com
2023-12-09 19:43:31,278 - app.utils.logger - INFO - [AuthService]: Authenticating user: leoac1923@gmail.com
2023-12-09 19:43:50,546 - app.utils.logger - INFO - [AuthService]: Authenticating user: leoac1923@gmail.com
2023-12-09 19:44:18,661 - app.utils.logger - INFO - [AuthService]: Authenticating user: leoac1923@gmail.com
2023-12-09 19:47:56,056 - app.utils.logger - INFO - [UserService]: Creating a new user: Leonardo Gomes
2023-12-09 19:48:44,171 - app.utils.logger - INFO - [AuthService]: Authenticating user: leoac1922@gmail.com
2023-12-09 19:48:44,260 - app.utils.logger - ERROR - [AuthService]: Incorrect username or password: leoac1922@gmail.com
2023-12-09 19:49:15,651 - app.utils.logger - INFO - [AuthService]: Authenticating user: leoac1922@gmail.com
2023-12-09 19:49:57,249 - app.utils.logger - ERROR - [AuthService]: Incorrect username or password: leoac1922@gmail.com
2023-12-09 19:57:11,503 - app.utils.logger - INFO - [AuthService]: Authenticating user: leoac1922@gmail.com
2023-12-09 19:57:26,132 - app.utils.logger - ERROR - [AuthService]: Incorrect username or password: leoac1922@gmail.com
2023-12-09 19:58:33,541 - app.utils.logger - INFO - [AuthService]: Authenticating user: leoac1922@gmail.com
2023-12-09 19:58:37,179 - app.utils.logger - ERROR - [AuthService]: Incorrect username or password: leoac1922@gmail.com
2023-12-09 19:58:44,040 - app.utils.logger - INFO - [AuthService]: Authenticating user: leoac1922@gmail.com
2023-12-09 20:08:31,176 - app.utils.logger - INFO - [UserService]: Creating a new user: Leonardo Gomes
2023-12-09 20:10:43,662 - app.utils.logger - INFO - [AuthService]: Authenticating user: leoac1922@gmail.com
2023-12-09 20:10:43,765 - app.utils.logger - ERROR - [AuthService]: Incorrect username or password: leoac1922@gmail.com
2023-12-09 21:41:32,386 - app.utils.logger - INFO - [AuthService]: Authenticating user: leoac1922@gmail.com
2023-12-09 21:41:40,773 - app.utils.logger - ERROR - [AuthService]: Incorrect username or password: leoac1922@gmail.com
2023-12-09 21:42:22,729 - app.utils.logger - INFO - [AuthService]: Authenticating user: leoac1922@gmail.com
2023-12-09 21:42:36,497 - app.utils.logger - ERROR - [AuthService]: Incorrect username or password: leoac1922@gmail.com
2023-12-09 21:43:53,688 - app.utils.logger - INFO - [UserService]: Creating a new user: Leonardo Gomes
2023-12-09 21:44:31,670 - app.utils.logger - INFO - [AuthService]: Authenticating user: leoac1922@gmail.com
2023-12-09 21:45:02,960 - app.utils.logger - ERROR - [AuthService]: Incorrect username or password: leoac1922@gmail.com
2023-12-09 21:50:29,241 - app.utils.logger - INFO - [AuthService]: Authenticating user: leoac1922@gmail.com
2023-12-09 21:50:38,603 - app.utils.logger - ERROR - [AuthService]: Incorrect username or password: leoac1922@gmail.com
2023-12-09 21:51:32,316 - app.utils.logger - INFO - [AuthService]: Authenticating user: leoac1922@gmail.com
2023-12-09 21:51:32,320 - app.utils.logger - ERROR - [AuthService]: Incorrect username or password: leoac1922@gmail.com
2023-12-09 21:51:33,764 - app.utils.logger - INFO - [AuthService]: Authenticating user: leoac1922@gmail.com
2023-12-09 21:51:33,765 - app.utils.logger - ERROR - [AuthService]: Incorrect username or password: leoac1922@gmail.com
2023-12-09 22:39:51,145 - app.utils.logger - INFO - [AuthService]: Authenticating user: leoac1922@gmail.com
2023-12-09 22:43:29,095 - app.utils.logger - INFO - [AuthService]: Authenticating user: leoac1922@gmail.com
2023-12-09 22:44:46,664 - app.utils.logger - INFO - [AuthService]: Authenticating user: leoac1922@gmail.com
2023-12-09 22:52:15,128 - app.utils.logger - INFO - [UserService]: Creating a new user: Leonardo Gomes
2023-12-09 23:12:19,363 - app.utils.logger - INFO - [UserService]: Creating a new user: Leonardo Gomes
2023-12-10 13:20:51,268 - app.utils.logger - INFO - [UserService]: Creating a new user: Leonardo Gomes
2023-12-10 13:21:18,693 - app.utils.logger - INFO - [AuthService]: Authenticating user: leoac1922@gmail.com
2023-12-10 13:21:46,875 - app.utils.logger - INFO - [AuthService]: Authenticating user: leoac1922@gmail.com
2023-12-10 13:21:46,878 - app.utils.logger - ERROR - [AuthService]: Incorrect username or password: leoac1922@gmail.com
2023-12-10 13:22:15,082 - app.utils.logger - INFO - [AuthService]: Authenticating user: leoac1922@gmail.com
2023-12-10 13:22:47,539 - app.utils.logger - INFO - [AuthService]: Authenticating user: leoac1922@gmail.com
2023-12-10 14:19:03,911 - app.utils.logger - INFO - [AuthService]: Authenticating user: leoac1922@gmail.com
2023-12-10 14:19:09,966 - app.utils.logger - INFO - [AuthService]: Authenticating user: leoac1922@gmail.com
2023-12-10 14:23:03,403 - app.utils.logger - INFO - [CategoryService]: Creating category: {data}
2023-12-10 14:23:07,424 - app.utils.logger - INFO - [CategoryService]: Getting all categories
2023-12-10 14:23:29,346 - app.utils.logger - INFO - [FinanceService]: Creating finance: {data}
2023-12-10 14:24:31,160 - app.utils.logger - INFO - [FinanceService]: Creating finance: {data}
2023-12-10 14:26:03,682 - app.utils.logger - INFO - [FinanceService]: Creating finance: {data}
2023-12-10 14:26:19,764 - app.utils.logger - INFO - [FinanceService]: Creating finance: {data}
2023-12-10 14:27:35,085 - app.utils.logger - INFO - [FinanceService]: Creating finance: {data}
2023-12-10 14:27:43,303 - app.utils.logger - INFO - [FinanceService]: Creating finance: {data}
2023-12-10 14:27:47,251 - app.utils.logger - INFO - [FinanceService]: Creating finance: {data}
2023-12-10 14:37:35,271 - app.utils.logger - INFO - [FinanceService]: Getting all finances
2023-12-10 14:38:08,530 - app.utils.logger - INFO - [FinanceService]: Getting all finances
2023-12-10 14:38:58,534 - app.utils.logger - INFO - [FinanceService]: Getting all finances
2023-12-10 14:39:00,810 - app.utils.logger - INFO - [FinanceService]: Getting all finances
2023-12-10 14:39:31,388 - app.utils.logger - INFO - [FinanceService]: Getting all finances
2023-12-10 14:39:45,357 - app.utils.logger - INFO - [FinanceService]: Getting all finances
2023-12-10 14:39:55,097 - app.utils.logger - INFO - [FinanceService]: Getting all finances
2023-12-10 14:41:45,223 - app.utils.logger - INFO - [FinanceService]: Getting all finances
2023-12-10 14:42:30,460 - app.utils.logger - INFO - [FinanceService]: Getting all finances
2023-12-10 14:43:17,879 - app.utils.logger - INFO - [FinanceService]: Getting all finances
2023-12-10 14:43:27,793 - app.utils.logger - INFO - [FinanceService]: Getting all finances
2023-12-10 14:44:23,212 - app.utils.logger - INFO - [FinanceService]: Getting all finances
2023-12-10 14:48:27,609 - app.utils.logger - INFO - [FinanceService]: Getting all finances
2023-12-10 14:53:27,923 - app.utils.logger - INFO - [FinanceService]: Getting all finances
2023-12-10 14:53:43,022 - app.utils.logger - INFO - [FinanceService]: Getting all finances
2023-12-10 14:55:24,547 - app.utils.logger - INFO - [FinanceService]: Getting all finances
2023-12-10 14:55:25,653 - app.utils.logger - INFO - [FinanceService]: Getting all finances
2023-12-10 14:57:30,260 - app.utils.logger - INFO - [FinanceService]: Getting all finances
2023-12-10 15:15:36,413 - app.utils.logger - INFO - [FinanceService]: Getting all finances
2023-12-10 15:19:33,168 - app.utils.logger - INFO - [FinanceService]: Getting all finances
2023-12-10 15:22:01,502 - app.utils.logger - INFO - [FinanceService]: Getting all finances
2023-12-10 15:23:02,289 - app.utils.logger - INFO - [FinanceService]: Getting all finances
2023-12-10 15:23:38,846 - app.utils.logger - INFO - [FinanceService]: Getting all finances
2023-12-10 15:23:49,042 - app.utils.logger - INFO - [FinanceService]: Getting all finances
2023-12-10 15:24:14,186 - app.utils.logger - INFO - [FinanceService]: Getting all finances
2023-12-10 15:24:53,556 - app.utils.logger - INFO - [FinanceService]: Getting all finances
2023-12-10 15:30:19,783 - app.utils.logger - INFO - [FinanceService]: Getting all finances
2023-12-10 15:30:33,211 - app.utils.logger - INFO - [FinanceService]: Getting all finances
2023-12-10 15:30:43,092 - app.utils.logger - INFO - [FinanceService]: Getting all finances
2023-12-10 15:30:56,767 - app.utils.logger - INFO - [FinanceService]: Getting all finances
2023-12-10 15:32:08,069 - app.utils.logger - INFO - [FinanceService]: Getting all finances
2023-12-10 15:32:28,755 - app.utils.logger - INFO - [FinanceService]: Getting all finances
2023-12-10 15:32:40,973 - app.utils.logger - INFO - [FinanceService]: Getting all finances
2023-12-10 15:33:15,075 - app.utils.logger - INFO - [FinanceService]: Getting all finances
2023-12-10 15:33:31,512 - app.utils.logger - INFO - [FinanceService]: Getting all finances
2023-12-10 15:48:38,100 - app.utils.logger - INFO - [FinanceService]: Getting all finances
2023-12-10 15:49:06,330 - app.utils.logger - INFO - [FinanceService]: Getting all finances
2023-12-10 15:49:23,190 - app.utils.logger - INFO - [FinanceService]: Getting all finances
2023-12-10 15:49:38,247 - app.utils.logger - INFO - [FinanceService]: Getting all finances
2023-12-10 15:50:11,958 - app.utils.logger - INFO - [FinanceService]: Getting all finances
2023-12-10 15:51:14,598 - app.utils.logger - INFO - [FinanceService]: Getting all finances
2023-12-10 15:52:00,067 - app.utils.logger - INFO - [FinanceService]: Getting all finances
2023-12-10 15:52:14,817 - app.utils.logger - INFO - [FinanceService]: Getting all finances
2023-12-10 15:52:26,546 - app.utils.logger - INFO - [FinanceService]: Getting all finances
2023-12-10 15:54:18,972 - app.utils.logger - INFO - [FinanceService]: Getting all finances
2023-12-10 15:54:35,364 - app.utils.logger - INFO - [FinanceService]: Getting all finances
2023-12-10 15:55:00,596 - app.utils.logger - INFO - [FinanceService]: Getting all finances
2023-12-10 15:56:02,694 - app.utils.logger - INFO - [FinanceService]: Creating finance: {data}
2023-12-10 15:57:20,047 - app.utils.logger - INFO - [FinanceService]: Getting all finances
2023-12-10 16:00:53,352 - app.utils.logger - INFO - [FinanceService]: Getting all finances
2023-12-10 16:06:11,696 - app.utils.logger - INFO - [AuthService]: Authenticating user: leoac1922@gmail.com
2023-12-10 16:06:24,649 - app.utils.logger - INFO - [FinanceService]: Getting all finances
2023-12-10 16:13:00,769 - app.utils.logger - INFO - [UserService]: Getting user: <built-in function id>
2023-12-10 16:13:59,636 - app.utils.logger - INFO - [UserService]: Getting user: c6437d2c-ea23-4765-8f43-fb8b31f72ebc
2023-12-10 16:15:51,931 - app.utils.logger - INFO - [UserService]: Getting user: c6437d2c-ea23-4765-8f43-fb8b31f72ebc
2023-12-10 16:15:53,508 - app.utils.logger - INFO - [UserService]: Getting user: c6437d2c-ea23-4765-8f43-fb8b31f72ebc
2023-12-10 16:16:04,717 - app.utils.logger - INFO - [UserService]: Getting user: c6437d2c-ea23-4765-8f43-fb8b31f72ebc
2023-12-10 16:18:50,579 - app.utils.logger - INFO - [AuthService]: Authenticating user: leoac1922@gmail.com
2023-12-10 16:19:33,769 - app.utils.logger - INFO - [AuthService]: Authenticating user: leoac1922@gmail.com
2023-12-10 16:19:59,476 - app.utils.logger - INFO - [AuthService]: Authenticating user: leoac1922@gmail.com
2023-12-10 16:20:58,434 - app.utils.logger - INFO - [AuthService]: Authenticating user: leoac1922@gmail.com
2023-12-10 16:20:58,441 - app.utils.logger - ERROR - [AuthService]: Incorrect username or password: leoac1922@gmail.com
2023-12-10 16:21:07,464 - app.utils.logger - INFO - [UserService]: Creating a new user: Leonardo Gomes
2023-12-10 16:21:19,484 - app.utils.logger - INFO - [AuthService]: Authenticating user: leoac1922@gmail.com
2023-12-10 16:21:35,370 - app.utils.logger - INFO - [UserService]: Getting user: 95784395-5502-4bef-9905-db989abe75cf
2023-12-10 16:21:58,530 - app.utils.logger - INFO - [FinanceService]: Creating finance: {data}
2023-12-10 16:22:25,576 - app.utils.logger - INFO - [CategoryService]: Getting all categories
2023-12-10 16:22:39,823 - app.utils.logger - INFO - [CategoryService]: Creating category: {data}
2023-12-10 16:22:42,834 - app.utils.logger - INFO - [CategoryService]: Getting all categories
2023-12-10 16:23:48,192 - app.utils.logger - INFO - [FinanceService]: Creating finance: {data}
2023-12-10 16:24:04,804 - app.utils.logger - INFO - [FinanceService]: Getting all finances
2023-12-10 16:24:36,867 - app.utils.logger - INFO - [FinanceService]: Getting finance by id: {id}
2023-12-10 16:25:41,559 - app.utils.logger - INFO - [FinanceService]: Getting all finances
2023-12-10 16:28:25,940 - app.utils.logger - INFO - [FinanceService]: Getting all finances
2023-12-10 16:30:42,767 - app.utils.logger - INFO - [FinanceService]: Getting all finances
2023-12-10 16:31:31,338 - app.utils.logger - INFO - [FinanceService]: Getting all finances
2023-12-10 16:31:43,752 - app.utils.logger - INFO - [FinanceService]: Getting all finances
2023-12-10 16:36:17,026 - app.utils.logger - INFO - [FinanceService]: Getting all finances
2023-12-10 16:36:37,672 - app.utils.logger - INFO - [FinanceService]: Getting all finances
2023-12-10 16:36:58,638 - app.utils.logger - INFO - [FinanceService]: Getting all finances
2023-12-10 16:37:11,375 - app.utils.logger - INFO - [FinanceService]: Getting finance by id: {id}
2023-12-10 16:37:25,398 - app.utils.logger - INFO - [FinanceService]: Getting finance by id: {id}
2023-12-10 16:52:16,758 - app.utils.logger - INFO - [FinanceService]: Getting finance by id: {id}
2023-12-10 16:52:49,385 - app.utils.logger - INFO - [FinanceService]: Getting finance by id: {id}
2023-12-10 16:53:34,578 - app.utils.logger - INFO - [FinanceService]: Getting finance by id: {id}
2023-12-10 16:53:52,904 - app.utils.logger - INFO - [FinanceService]: Getting finance by id: {id}
2023-12-10 16:54:18,993 - app.utils.logger - INFO - [FinanceService]: Getting finance by id: {id}
2023-12-10 16:55:26,032 - app.utils.logger - INFO - [FinanceService]: Getting finance by id: {id}
2023-12-10 16:55:52,096 - app.utils.logger - INFO - [FinanceService]: Getting finance by id: {id}
2023-12-10 16:57:03,330 - app.utils.logger - INFO - [FinanceService]: Getting finance by id: {id}
2023-12-10 16:59:24,117 - app.utils.logger - INFO - [FinanceService]: Getting finance by id: {id}
2023-12-10 16:59:39,218 - app.utils.logger - INFO - [FinanceService]: Getting finance by id: {id}
2023-12-10 17:00:48,469 - app.utils.logger - INFO - [FinanceService]: Getting finance by id: {id}
2023-12-10 17:01:05,808 - app.utils.logger - INFO - [FinanceService]: Getting finance by id: {id}
2023-12-10 22:19:07,262 - app.utils.logger - INFO - [FinanceService]: Getting finance by id: {id}
2023-12-10 22:19:29,914 - app.utils.logger - INFO - [FinanceService]: Getting finance by id: {id}
2023-12-10 22:20:33,081 - app.utils.logger - INFO - [FinanceService]: Getting finance by id: {id}
2023-12-10 22:21:39,177 - app.utils.logger - INFO - [FinanceService]: Getting finance by id: {id}
2023-12-10 22:23:14,939 - app.utils.logger - INFO - [FinanceService]: Getting finance by id: {id}
2023-12-10 22:25:17,458 - app.utils.logger - INFO - [FinanceService]: Getting finance by id: {id}
2023-12-10 22:25:37,157 - app.utils.logger - INFO - [FinanceService]: Getting finance by id: {id}
2023-12-10 22:26:05,076 - app.utils.logger - INFO - [FinanceService]: Getting finance by id: {id}
